<?xml version="1.0" encoding="UTF-8"?>
<!-- Generated by org.testng.reporters.JUnitReportReporter -->
<testsuite hostname="DESKTOP-SJ1BRTJ" failures="0" tests="1" name="TestRunner.Run" time="54.473" errors="0" timestamp="2023-12-23T16:46:48 IST" skipped="0">
  <testcase classname="TestRunner.Run" name="runScenario" time="54.473"/>
</testsuite> <!-- TestRunner.Run -->
